<?xml version="1.0" encoding="UTF-8"?>
<!-- Generated by org.testng.reporters.JUnitReportReporter -->
<testsuite hostname="Feuji-V020L-R" failures="0" tests="3" name="com.ui.test.OrangeHRMTest" time="20.847" errors="0" timestamp="25 Jan 2024 09:52:11 GMT" skipped="2">
  <testcase classname="com.ui.test.OrangeHRMTest" name="createUser" time="20.847"/>
  <testcase classname="com.ui.test.OrangeHRMTest" name="login">
    <skipped/>
  </testcase> <!-- login -->
  <testcase classname="com.ui.test.OrangeHRMTest" name="forgotPasswordTest">
    <skipped/>
  </testcase> <!-- forgotPasswordTest -->
</testsuite> <!-- com.ui.test.OrangeHRMTest -->
